2021-03-23 22:59:22,062 - Baseline - INFO - Log directory: data/model
2021-03-23 23:01:16,385 - Baseline - INFO - Log directory: data/model
2021-03-23 23:10:14,533 - Baseline - INFO - Static
2021-03-23 23:10:14,534 - Baseline - INFO - Model	Horizon	RMSE	MAPE	MAE
2021-03-23 23:10:14,606 - Baseline - INFO - Static	1	3.74	11.23	2.61
2021-03-23 23:10:14,681 - Baseline - INFO - Static	3	6.48	20.81	4.67
2021-03-23 23:10:14,748 - Baseline - INFO - Static	6	8.79	29.43	6.57
2021-03-23 23:10:14,818 - Baseline - INFO - Static	12	10.64	38.04	8.24
2021-03-23 23:10:20,867 - Baseline - INFO - Historical Average
2021-03-23 23:10:20,868 - Baseline - INFO - Model	Horizon	RMSE	MAPE	MAE
2021-03-23 23:10:20,868 - Baseline - INFO - HA	0	3.82	12.08	2.62
2021-03-23 23:10:20,868 - Baseline - INFO - Make prediction using the same day of the week data for the last four weeks
2021-03-23 23:10:27,505 - Baseline - INFO - VAR (lag=3)
2021-03-23 23:10:27,506 - Baseline - INFO - Model	Horizon	RMSE	MAPE	MAE
2021-03-23 23:10:27,584 - Baseline - INFO - VAR	1	2.91	9.01	2.09
2021-03-23 23:10:27,661 - Baseline - INFO - VAR	3	3.27	10.35	2.34
2021-03-23 23:10:27,716 - Baseline - INFO - VAR	6	3.36	10.85	2.39
2021-03-23 23:10:27,773 - Baseline - INFO - VAR	12	3.62	11.77	2.55
2021-03-27 22:18:36,411 - Baseline - INFO - Log directory: data/model
2021-03-27 22:18:52,772 - Baseline - INFO - Log directory: data/model
2021-03-27 22:19:35,894 - Baseline - INFO - Log directory: data/model
2021-03-27 22:22:23,651 - Baseline - INFO - Log directory: data/model
2021-03-27 22:23:29,317 - Baseline - INFO - Log directory: data/model
2021-03-27 22:25:48,049 - Baseline - INFO - Log directory: data/model
2021-03-27 22:27:33,363 - Baseline - INFO - Static
2021-03-27 22:27:33,364 - Baseline - INFO - Model	Horizon	RMSE	MAPE	MAE
2021-03-27 22:27:33,372 - Baseline - INFO - Static	1	6.05	13.29	3.52
2021-03-27 22:27:33,382 - Baseline - INFO - Static	3	10.40	24.05	6.32
2021-03-27 22:27:33,390 - Baseline - INFO - Static	6	14.29	33.18	8.87
2021-03-27 22:27:33,397 - Baseline - INFO - Static	12	17.62	43.84	11.31
2021-03-27 22:27:36,121 - Baseline - INFO - Historical Average
2021-03-27 22:27:36,122 - Baseline - INFO - Model	Horizon	RMSE	MAPE	MAE
2021-03-27 22:27:36,123 - Baseline - INFO - HA	0	6.20	13.85	3.46
2021-03-27 22:27:36,124 - Baseline - INFO - Make prediction using the same day of the week data for the last four weeks
2021-03-27 22:27:36,621 - Baseline - INFO - VAR (lag=3)
2021-03-27 22:27:36,622 - Baseline - INFO - Model	Horizon	RMSE	MAPE	MAE
2021-03-27 22:27:36,628 - Baseline - INFO - VAR	1	4.32	10.10	2.61
2021-03-27 22:27:36,633 - Baseline - INFO - VAR	3	5.86	14.17	3.56
2021-03-27 22:27:36,638 - Baseline - INFO - VAR	6	6.71	16.85	4.06
2021-03-27 22:27:36,643 - Baseline - INFO - VAR	12	7.01	18.51	4.34
